<?xml version="1.0" encoding="UTF-8"?>
<!-- Generated by org.testng.reporters.JUnitXMLReporter -->
<testsuite ignored="0" hostname="LAPTOP-DUJFBR3O" failures="0" tests="3" name="Firefox on Windows 11" time="169.143" errors="0" timestamp="2025-02-15T15:30:51 IST">
  <testcase classname="seleniumPKG.window_10_FFox_Selenium" name="testSimpleFormDemo" time="13.53"/>
  <testcase classname="seleniumPKG.window_10_FFox_Selenium" name="testDragAndDropSlider" time="16.909"/>
  <testcase classname="seleniumPKG.window_10_FFox_Selenium" name="testInputFormSubmit" time="17.439"/>
</testsuite> <!-- Firefox on Windows 11 -->
